<?xml version="1.0" encoding="UTF-8"?>
<!-- Generated by org.testng.reporters.JUnitXMLReporter -->
<testsuite hostname="WINDOWS-8J941V9" ignored="0" name="Default test" tests="6" failures="0" timestamp="2020-01-08T23:56:03 CST" time="73.294" errors="0">
  <testcase name="verifyPageTitleTest" time="0.036" classname="com.nopCommerceAutomation.HomePageTest"/>
  <testcase name="verifyLogo" time="0.078" classname="com.nopCommerceAutomation.HomePageTest"/>
  <testcase name="goToRegisterPage" time="0.876" classname="com.nopCommerceAutomation.HomePageTest"/>
  <testcase name="goToLoginPage" time="0.886" classname="com.nopCommerceAutomation.HomePageTest"/>
  <testcase name="goToWishListPage" time="0.551" classname="com.nopCommerceAutomation.HomePageTest"/>
  <testcase name="goToShoppingCartPage" time="0.065" classname="com.nopCommerceAutomation.HomePageTest"/>
</testsuite> <!-- Default test -->
